0 info it worked if it ends with ok
1 verbose cli [ 'node', '/usr/local/bin/npm', 'install', 'child_process' ]
2 info using npm@2.5.1
3 info using node@v0.12.1
4 warn package.json fs@0.0.2 fs is also the name of a node core module.
5 warn package.json fs@0.0.2 No description
6 warn package.json fs@0.0.2 No repository field.
7 warn package.json http@0.0.0 http is also the name of a node core module.
8 warn package.json http@0.0.0 No description
9 warn package.json http@0.0.0 No repository field.
10 warn package.json sys@0.0.1 No repository field.
11 silly cache add args [ 'child_process', null ]
12 verbose cache add spec child_process
13 silly cache add parsed spec { raw: 'child_process',
13 silly cache add   scope: null,
13 silly cache add   name: 'child_process',
13 silly cache add   rawSpec: '',
13 silly cache add   spec: '*',
13 silly cache add   type: 'range' }
14 verbose addNamed child_process@*
15 silly addNamed semver.valid null
16 silly addNamed semver.validRange *
17 silly addNameRange { name: 'child_process', range: '*', hasData: false }
18 silly mapToRegistry name child_process
19 silly mapToRegistry using default registry
20 silly mapToRegistry registry https://registry.npmjs.org/
21 silly mapToRegistry uri https://registry.npmjs.org/child_process
22 verbose addNameRange registry:https://registry.npmjs.org/child_process not in flight; fetching
23 verbose request uri https://registry.npmjs.org/child_process
24 verbose request no auth needed
25 info attempt registry request try #1 at 3:44:31 PM
26 verbose request id 89b7f9395e5c471d
27 http request GET https://registry.npmjs.org/child_process
28 http 404 https://registry.npmjs.org/child_process
29 verbose headers { date: 'Mon, 13 Apr 2015 13:44:31 GMT',
29 verbose headers   server: 'CouchDB/1.5.0 (Erlang OTP/R16B03)',
29 verbose headers   'content-type': 'application/json',
29 verbose headers   'cache-control': 'max-age=0',
29 verbose headers   'content-length': '51',
29 verbose headers   'accept-ranges': 'bytes',
29 verbose headers   via: '1.1 varnish',
29 verbose headers   age: '0',
29 verbose headers   'x-served-by': 'cache-ams4129-AMS',
29 verbose headers   'x-cache': 'MISS',
29 verbose headers   'x-cache-hits': '0',
29 verbose headers   'x-timer': 'S1428932671.139416,VS0,VE96',
29 verbose headers   'keep-alive': 'timeout=10, max=50',
29 verbose headers   connection: 'Keep-Alive' }
30 silly get cb [ 404,
30 silly get   { date: 'Mon, 13 Apr 2015 13:44:31 GMT',
30 silly get     server: 'CouchDB/1.5.0 (Erlang OTP/R16B03)',
30 silly get     'content-type': 'application/json',
30 silly get     'cache-control': 'max-age=0',
30 silly get     'content-length': '51',
30 silly get     'accept-ranges': 'bytes',
30 silly get     via: '1.1 varnish',
30 silly get     age: '0',
30 silly get     'x-served-by': 'cache-ams4129-AMS',
30 silly get     'x-cache': 'MISS',
30 silly get     'x-cache-hits': '0',
30 silly get     'x-timer': 'S1428932671.139416,VS0,VE96',
30 silly get     'keep-alive': 'timeout=10, max=50',
30 silly get     connection: 'Keep-Alive' } ]
31 verbose stack Error: 404 Not Found: child_process
31 verbose stack     at CachingRegistryClient.<anonymous> (/usr/local/lib/node_modules/npm/node_modules/npm-registry-client/lib/request.js:251:14)
31 verbose stack     at Request._callback (/usr/local/lib/node_modules/npm/node_modules/npm-registry-client/lib/request.js:178:14)
31 verbose stack     at Request.self.callback (/usr/local/lib/node_modules/npm/node_modules/request/request.js:344:22)
31 verbose stack     at Request.emit (events.js:110:17)
31 verbose stack     at Request.<anonymous> (/usr/local/lib/node_modules/npm/node_modules/request/request.js:1239:14)
31 verbose stack     at Request.emit (events.js:129:20)
31 verbose stack     at IncomingMessage.<anonymous> (/usr/local/lib/node_modules/npm/node_modules/request/request.js:1187:12)
31 verbose stack     at IncomingMessage.emit (events.js:129:20)
31 verbose stack     at _stream_readable.js:908:16
31 verbose stack     at process._tickCallback (node.js:355:11)
32 verbose statusCode 404
33 verbose pkgid child_process
34 verbose cwd /Users/jesseeikema/Documents/sites/mimoa
35 error Darwin 14.1.0
36 error argv "node" "/usr/local/bin/npm" "install" "child_process"
37 error node v0.12.1
38 error npm  v2.5.1
39 error code E404
40 error 404 Not Found: child_process
40 error 404
40 error 404 'child_process' is not in the npm registry.
40 error 404 You should bug the author to publish it (or use the name yourself!)
40 error 404
40 error 404 Note that you can also install from a
40 error 404 tarball, folder, http url, or git url.
41 verbose exit [ 1, true ]
